This is pdfTeX, Version 3.14159265-2.6-1.40.20 (TeX Live 2019/Debian) (preloaded format=pdflatex 2022.8.14)  6 OCT 2022 07:55
entering extended mode
 restricted \write18 enabled.
 file:line:error style messages enabled.
 %&-line parsing enabled.
**/home/victor/Documents/ConferencePaper/Conference-LaTeX-template_10-17-19/conference_101719.tex
(/home/victor/Documents/ConferencePaper/Conference-LaTeX-template_10-17-19/conference_101719.tex
LaTeX2e <2020-02-02> patch level 2
L3 programming layer <2020-02-14> (/home/victor/Documents/ConferencePaper/Conference-LaTeX-template_10-17-19/IEEEtran.cls
Document Class: IEEEtran 2015/08/26 V1.8b by Michael Shell
-- See the "IEEEtran_HOWTO" manual for usage information.
-- http://www.michaelshell.org/tex/ieeetran/
\@IEEEtrantmpdimenA=\dimen134
\@IEEEtrantmpdimenB=\dimen135
\@IEEEtrantmpdimenC=\dimen136
\@IEEEtrantmpcountA=\count167
\@IEEEtrantmpcountB=\count168
\@IEEEtrantmpcountC=\count169
\@IEEEtrantmptoksA=\toks14
LaTeX Font Info:    Trying to load font information for OT1+ptm on input line 503.
(/usr/share/texlive/texmf-dist/tex/latex/psnfss/ot1ptm.fd
File: ot1ptm.fd 2001/06/04 font definitions for OT1/ptm.
)
-- Using 8.5in x 11in (letter) paper.
-- Using PDF output.
\@IEEEnormalsizeunitybaselineskip=\dimen137
-- This is a 10 point document.
\CLASSINFOnormalsizebaselineskip=\dimen138
\CLASSINFOnormalsizeunitybaselineskip=\dimen139
\IEEEnormaljot=\dimen140
LaTeX Font Info:    Font shape `OT1/ptm/bx/n' in size <5> not available
(Font)              Font shape `OT1/ptm/b/n' tried instead on input line 1090.
LaTeX Font Info:    Font shape `OT1/ptm/bx/it' in size <5> not available
(Font)              Font shape `OT1/ptm/b/it' tried instead on input line 1090.
LaTeX Font Info:    Font shape `OT1/ptm/bx/n' in size <7> not available
(Font)              Font shape `OT1/ptm/b/n' tried instead on input line 1090.
LaTeX Font Info:    Font shape `OT1/ptm/bx/it' in size <7> not available
(Font)              Font shape `OT1/ptm/b/it' tried instead on input line 1090.
LaTeX Font Info:    Font shape `OT1/ptm/bx/n' in size <8> not available
(Font)              Font shape `OT1/ptm/b/n' tried instead on input line 1090.
LaTeX Font Info:    Font shape `OT1/ptm/bx/it' in size <8> not available
(Font)              Font shape `OT1/ptm/b/it' tried instead on input line 1090.
LaTeX Font Info:    Font shape `OT1/ptm/bx/n' in size <9> not available
(Font)              Font shape `OT1/ptm/b/n' tried instead on input line 1090.
LaTeX Font Info:    Font shape `OT1/ptm/bx/it' in size <9> not available
(Font)              Font shape `OT1/ptm/b/it' tried instead on input line 1090.
LaTeX Font Info:    Font shape `OT1/ptm/bx/n' in size <10> not available
(Font)              Font shape `OT1/ptm/b/n' tried instead on input line 1090.
LaTeX Font Info:    Font shape `OT1/ptm/bx/it' in size <10> not available
(Font)              Font shape `OT1/ptm/b/it' tried instead on input line 1090.
LaTeX Font Info:    Font shape `OT1/ptm/bx/n' in size <11> not available
(Font)              Font shape `OT1/ptm/b/n' tried instead on input line 1090.
LaTeX Font Info:    Font shape `OT1/ptm/bx/it' in size <11> not available
(Font)              Font shape `OT1/ptm/b/it' tried instead on input line 1090.
LaTeX Font Info:    Font shape `OT1/ptm/bx/n' in size <12> not available
(Font)              Font shape `OT1/ptm/b/n' tried instead on input line 1090.
LaTeX Font Info:    Font shape `OT1/ptm/bx/it' in size <12> not available
(Font)              Font shape `OT1/ptm/b/it' tried instead on input line 1090.
LaTeX Font Info:    Font shape `OT1/ptm/bx/n' in size <17> not available
(Font)              Font shape `OT1/ptm/b/n' tried instead on input line 1090.
LaTeX Font Info:    Font shape `OT1/ptm/bx/it' in size <17> not available
(Font)              Font shape `OT1/ptm/b/it' tried instead on input line 1090.
LaTeX Font Info:    Font shape `OT1/ptm/bx/n' in size <20> not available
(Font)              Font shape `OT1/ptm/b/n' tried instead on input line 1090.
LaTeX Font Info:    Font shape `OT1/ptm/bx/it' in size <20> not available
(Font)              Font shape `OT1/ptm/b/it' tried instead on input line 1090.
LaTeX Font Info:    Font shape `OT1/ptm/bx/n' in size <24> not available
(Font)              Font shape `OT1/ptm/b/n' tried instead on input line 1090.
LaTeX Font Info:    Font shape `OT1/ptm/bx/it' in size <24> not available
(Font)              Font shape `OT1/ptm/b/it' tried instead on input line 1090.
\IEEEquantizedlength=\dimen141
\IEEEquantizedlengthdiff=\dimen142
\IEEEquantizedtextheightdiff=\dimen143
\IEEEilabelindentA=\dimen144
\IEEEilabelindentB=\dimen145
\IEEEilabelindent=\dimen146
\IEEEelabelindent=\dimen147
\IEEEdlabelindent=\dimen148
\IEEElabelindent=\dimen149
\IEEEiednormlabelsep=\dimen150
\IEEEiedmathlabelsep=\dimen151
\IEEEiedtopsep=\skip47
\c@section=\count170
\c@subsection=\count171
\c@subsubsection=\count172
\c@paragraph=\count173
\c@IEEEsubequation=\count174
\abovecaptionskip=\skip48
\belowcaptionskip=\skip49
\c@figure=\count175
\c@table=\count176
\@IEEEeqnnumcols=\count177
\@IEEEeqncolcnt=\count178
\@IEEEsubeqnnumrollback=\count179
\@IEEEquantizeheightA=\dimen152
\@IEEEquantizeheightB=\dimen153
\@IEEEquantizeheightC=\dimen154
\@IEEEquantizeprevdepth=\dimen155
\@IEEEquantizemultiple=\count180
\@IEEEquantizeboxA=\box45
\@IEEEtmpitemindent=\dimen156
\IEEEPARstartletwidth=\dimen157
\c@IEEEbiography=\count181
\@IEEEtranrubishbin=\box46
)
** ATTENTION: Overriding command lockouts (line 2).
(/usr/share/texlive/texmf-dist/tex/latex/cite/cite.sty
LaTeX Info: Redefining \cite on input line 302.
LaTeX Info: Redefining \nocite on input line 332.
Package: cite 2015/02/27  v 5.5
) (/usr/share/texlive/texmf-dist/tex/latex/amsmath/amsmath.sty
Package: amsmath 2020/01/20 v2.17e AMS math features
\@mathmargin=\skip50

For additional information on amsmath, use the `?' option.
(/usr/share/texlive/texmf-dist/tex/latex/amsmath/amstext.sty
Package: amstext 2000/06/29 v2.01 AMS text
 (/usr/share/texlive/texmf-dist/tex/latex/amsmath/amsgen.sty
File: amsgen.sty 1999/11/30 v2.0 generic functions
\@emptytoks=\toks15
\ex@=\dimen158
)) (/usr/share/texlive/texmf-dist/tex/latex/amsmath/amsbsy.sty
Package: amsbsy 1999/11/29 v1.2d Bold Symbols
\pmbraise@=\dimen159
) (/usr/share/texlive/texmf-dist/tex/latex/amsmath/amsopn.sty
Package: amsopn 2016/03/08 v2.02 operator names
)
\inf@bad=\count182
LaTeX Info: Redefining \frac on input line 227.
\uproot@=\count183
\leftroot@=\count184
LaTeX Info: Redefining \overline on input line 389.
\classnum@=\count185
\DOTSCASE@=\count186
LaTeX Info: Redefining \ldots on input line 486.
LaTeX Info: Redefining \dots on input line 489.
LaTeX Info: Redefining \cdots on input line 610.
\Mathstrutbox@=\box47
\strutbox@=\box48
\big@size=\dimen160
LaTeX Font Info:    Redeclaring font encoding OML on input line 733.
LaTeX Font Info:    Redeclaring font encoding OMS on input line 734.
\macc@depth=\count187
\c@MaxMatrixCols=\count188
\dotsspace@=\muskip16
\c@parentequation=\count189
\dspbrk@lvl=\count190
\tag@help=\toks16
\row@=\count191
\column@=\count192
\maxfields@=\count193
\andhelp@=\toks17
\eqnshift@=\dimen161
\alignsep@=\dimen162
\tagshift@=\dimen163
\tagwidth@=\dimen164
\totwidth@=\dimen165
\lineht@=\dimen166
\@envbody=\toks18
\multlinegap=\skip51
\multlinetaggap=\skip52
\mathdisplay@stack=\toks19
LaTeX Info: Redefining \[ on input line 2859.
LaTeX Info: Redefining \] on input line 2860.
) (/usr/share/texlive/texmf-dist/tex/latex/amsfonts/amssymb.sty
Package: amssymb 2013/01/14 v3.01 AMS font symbols
 (/usr/share/texlive/texmf-dist/tex/latex/amsfonts/amsfonts.sty
Package: amsfonts 2013/01/14 v3.01 Basic AMSFonts support
\symAMSa=\mathgroup4
\symAMSb=\mathgroup5
LaTeX Font Info:    Redeclaring math symbol \hbar on input line 98.
LaTeX Font Info:    Overwriting math alphabet `\mathfrak' in version `bold'
(Font)                  U/euf/m/n --> U/euf/b/n on input line 106.
)) (/usr/share/texlive/texmf-dist/tex/latex/algorithms/algorithmic.sty
Package: algorithmic 2009/08/24 v0.1 Document Style `algorithmic'
 (/usr/share/texlive/texmf-dist/tex/latex/base/ifthen.sty
Package: ifthen 2014/09/29 v1.1c Standard LaTeX ifthen package (DPC)
) (/usr/share/texlive/texmf-dist/tex/latex/graphics/keyval.sty
Package: keyval 2014/10/28 v1.15 key=value parser (DPC)
\KV@toks@=\toks20
)
\c@ALC@unique=\count194
\c@ALC@line=\count195
\c@ALC@rem=\count196
\c@ALC@depth=\count197
\ALC@tlm=\skip53
\algorithmicindent=\skip54
) (/usr/share/texlive/texmf-dist/tex/latex/graphics/graphicx.sty
Package: graphicx 2019/11/30 v1.2a Enhanced LaTeX Graphics (DPC,SPQR)
 (/usr/share/texlive/texmf-dist/tex/latex/graphics/graphics.sty
Package: graphics 2019/11/30 v1.4a Standard LaTeX Graphics (DPC,SPQR)
 (/usr/share/texlive/texmf-dist/tex/latex/graphics/trig.sty
Package: trig 2016/01/03 v1.10 sin cos tan (DPC)
) (/usr/share/texlive/texmf-dist/tex/latex/graphics-cfg/graphics.cfg
File: graphics.cfg 2016/06/04 v1.11 sample graphics configuration
)
Package graphics Info: Driver file: pdftex.def on input line 105.
 (/usr/share/texlive/texmf-dist/tex/latex/graphics-def/pdftex.def
File: pdftex.def 2018/01/08 v1.0l Graphics/color driver for pdftex
))
\Gin@req@height=\dimen167
\Gin@req@width=\dimen168
) (/usr/share/texlive/texmf-dist/tex/latex/base/textcomp.sty
Package: textcomp 2020/02/02 v2.0n Standard LaTeX package
) (/usr/share/texlive/texmf-dist/tex/latex/xcolor/xcolor.sty
Package: xcolor 2016/05/11 v2.12 LaTeX color extensions (UK)
 (/usr/share/texlive/texmf-dist/tex/latex/graphics-cfg/color.cfg
File: color.cfg 2016/01/02 v1.6 sample color configuration
)
Package xcolor Info: Driver file: pdftex.def on input line 225.
Package xcolor Info: Model `cmy' substituted by `cmy0' on input line 1348.
Package xcolor Info: Model `hsb' substituted by `rgb' on input line 1352.
Package xcolor Info: Model `RGB' extended on input line 1364.
Package xcolor Info: Model `HTML' substituted by `rgb' on input line 1366.
Package xcolor Info: Model `Hsb' substituted by `hsb' on input line 1367.
Package xcolor Info: Model `tHsb' substituted by `hsb' on input line 1368.
Package xcolor Info: Model `HSB' substituted by `hsb' on input line 1369.
Package xcolor Info: Model `Gray' substituted by `gray' on input line 1370.
Package xcolor Info: Model `wave' substituted by `hsb' on input line 1371.
) (/usr/share/texlive/texmf-dist/tex/latex/l3backend/l3backend-pdfmode.def
File: l3backend-pdfmode.def 2020-02-03 L3 backend support: PDF mode
\l__kernel_color_stack_int=\count198
\l__pdf_internal_box=\box49
) (/home/victor/Documents/ConferencePaper/Conference-LaTeX-template_10-17-19/conference_101719.aux

LaTeX Warning: Label `eq_freq_resolution' multiply defined.


LaTeX Warning: Label `doyleek' multiply defined.

)
\openout1 = `conference_101719.aux'.

LaTeX Font Info:    Checking defaults for OML/cmm/m/it on input line 22.
LaTeX Font Info:    ... okay on input line 22.
LaTeX Font Info:    Checking defaults for OMS/cmsy/m/n on input line 22.
LaTeX Font Info:    ... okay on input line 22.
LaTeX Font Info:    Checking defaults for OT1/cmr/m/n on input line 22.
LaTeX Font Info:    ... okay on input line 22.
LaTeX Font Info:    Checking defaults for T1/cmr/m/n on input line 22.
LaTeX Font Info:    ... okay on input line 22.
LaTeX Font Info:    Checking defaults for TS1/cmr/m/n on input line 22.
LaTeX Font Info:    ... okay on input line 22.
LaTeX Font Info:    Checking defaults for OMX/cmex/m/n on input line 22.
LaTeX Font Info:    ... okay on input line 22.
LaTeX Font Info:    Checking defaults for U/cmr/m/n on input line 22.
LaTeX Font Info:    ... okay on input line 22.

-- Lines per column: 56 (exact).
(/usr/share/texlive/texmf-dist/tex/context/base/mkii/supp-pdf.mkii
[Loading MPS to PDF converter (version 2006.09.02).]
\scratchcounter=\count199
\scratchdimen=\dimen169
\scratchbox=\box50
\nofMPsegments=\count266
\nofMParguments=\count267
\everyMPshowfont=\toks21
\MPscratchCnt=\count268
\MPscratchDim=\dimen170
\MPnumerator=\count269
\makeMPintoPDFobject=\count270
\everyMPtoPDFconversion=\toks22
) (/usr/share/texlive/texmf-dist/tex/latex/epstopdf-pkg/epstopdf-base.sty
Package: epstopdf-base 2020-01-24 v2.11 Base part for package epstopdf
Package epstopdf-base Info: Redefining graphics rule for `.eps' on input line 485.
 (/usr/share/texlive/texmf-dist/tex/latex/latexconfig/epstopdf-sys.cfg
File: epstopdf-sys.cfg 2010/07/13 v1.3 Configuration of (r)epstopdf for TeX Live
))
LaTeX Font Info:    Calculating math sizes for size <11> on input line 67.
LaTeX Font Info:    Trying to load font information for U+msa on input line 67.
 (/usr/share/texlive/texmf-dist/tex/latex/amsfonts/umsa.fd
File: umsa.fd 2013/01/14 v3.01 AMS symbols A
)
LaTeX Font Info:    Trying to load font information for U+msb on input line 67.
 (/usr/share/texlive/texmf-dist/tex/latex/amsfonts/umsb.fd
File: umsb.fd 2013/01/14 v3.01 AMS symbols B
)

LaTeX Warning: Citation `chong2015' on page 1 undefined on input line 83.

[1{/var/lib/texmf/fonts/map/pdftex/updmap/pdftex.map}


]
<graphics/techniques/techniques_block.pdf, id=10, 643.10178pt x 493.05167pt>
File: graphics/techniques/techniques_block.pdf Graphic file (type pdf)
<use graphics/techniques/techniques_block.pdf>
Package pdftex.def Info: graphics/techniques/techniques_block.pdf  used on input line 144.
(pdftex.def)             Requested size: 252.0pt x 193.19969pt.
 [2 </home/victor/Documents/ConferencePaper/Conference-LaTeX-template_10-17-19/graphics/techniques/techniques_block.pdf>] [3]
<graphics/filter_bands/filter_bands_good.pdf, id=44, 621.52202pt x 304.9794pt>
File: graphics/filter_bands/filter_bands_good.pdf Graphic file (type pdf)
<use graphics/filter_bands/filter_bands_good.pdf>
Package pdftex.def Info: graphics/filter_bands/filter_bands_good.pdf  used on input line 244.
(pdftex.def)             Requested size: 284.52756pt x 139.61745pt.
<graphics/clu_kmeans_intuition.pdf, id=45, 231.83655pt x 149.70737pt>
File: graphics/clu_kmeans_intuition.pdf Graphic file (type pdf)
<use graphics/clu_kmeans_intuition.pdf>
Package pdftex.def Info: graphics/clu_kmeans_intuition.pdf  used on input line 287.
(pdftex.def)             Requested size: 126.0pt x 81.36388pt.
 [4 </home/victor/Documents/ConferencePaper/Conference-LaTeX-template_10-17-19/graphics/filter_bands/filter_bands_good.pdf> </home/victor/Documents/ConferencePaper/Conference-LaTeX-template_10-17-19/graphics/clu_kmeans_intuition.pdf

pdfTeX warning: pdflatex (file /home/victor/Documents/ConferencePaper/Conference-LaTeX-template_10-17-19/graphics/clu_kmeans_intuition.pdf): PDF inclusion: multiple pdfs with page group included in a single page
>]
<graphics/single_variab_innadequate.pdf, id=170, 114.64368pt x 82.82831pt>
File: graphics/single_variab_innadequate.pdf Graphic file (type pdf)
<use graphics/single_variab_innadequate.pdf>
Package pdftex.def Info: graphics/single_variab_innadequate.pdf  used on input line 346.
(pdftex.def)             Requested size: 126.0pt x 91.0343pt.
<graphics/delta/sensors_machine.png, id=171, 375.65344pt x 305.64188pt>
File: graphics/delta/sensors_machine.png Graphic file (type png)
<use graphics/delta/sensors_machine.png>
Package pdftex.def Info: graphics/delta/sensors_machine.png  used on input line 365.
(pdftex.def)             Requested size: 227.62204pt x 185.20071pt.
 [5 </home/victor/Documents/ConferencePaper/Conference-LaTeX-template_10-17-19/graphics/single_variab_innadequate.pdf> </home/victor/Documents/ConferencePaper/Conference-LaTeX-template_10-17-19/graphics/delta/sensors_machine.png>]
<graphics/concept/concept_pre.pdf, id=360, 540.60239pt x 213.39566pt>
File: graphics/concept/concept_pre.pdf Graphic file (type pdf)
<use graphics/concept/concept_pre.pdf>
Package pdftex.def Info: graphics/concept/concept_pre.pdf  used on input line 381.
(pdftex.def)             Requested size: 252.0pt x 99.47217pt.
<graphics/axes_time_fft/axes_time_fft.pdf, id=361, 969.1958pt x 367.4523pt>
File: graphics/axes_time_fft/axes_time_fft.pdf Graphic file (type pdf)
<use graphics/axes_time_fft/axes_time_fft.pdf>
Package pdftex.def Info: graphics/axes_time_fft/axes_time_fft.pdf  used on input line 409.
(pdftex.def)             Requested size: 252.0pt x 95.54094pt.
<graphics/motor_frequency/motor_frequency.pdf, id=362, 496.49492pt x 286.9119pt>
File: graphics/motor_frequency/motor_frequency.pdf Graphic file (type pdf)
<use graphics/motor_frequency/motor_frequency.pdf>
Package pdftex.def Info: graphics/motor_frequency/motor_frequency.pdf  used on input line 426.
(pdftex.def)             Requested size: 252.0pt x 145.62703pt.
 [6 </home/victor/Documents/ConferencePaper/Conference-LaTeX-template_10-17-19/graphics/concept/concept_pre.pdf> </home/victor/Documents/ConferencePaper/Conference-LaTeX-template_10-17-19/graphics/axes_time_fft/axes_time_fft.pdf

pdfTeX warning: pdflatex (file /home/victor/Documents/ConferencePaper/Conference-LaTeX-template_10-17-19/graphics/axes_time_fft/axes_time_fft.pdf): PDF inclusion: multiple pdfs with page group included in a single page
> </home/victor/Documents/ConferencePaper/Conference-LaTeX-template_10-17-19/graphics/motor_frequency/motor_frequency.pdf

pdfTeX warning: pdflatex (file /home/victor/Documents/ConferencePaper/Conference-LaTeX-template_10-17-19/graphics/motor_frequency/motor_frequency.pdf): PDF inclusion: multiple pdfs with page group included in a single page
>]
<graphics/filters_freqresponse/filters_freqresponse.pdf, id=699, 582.4962pt x 300.64319pt>
File: graphics/filters_freqresponse/filters_freqresponse.pdf Graphic file (type pdf)
<use graphics/filters_freqresponse/filters_freqresponse.pdf>
Package pdftex.def Info: graphics/filters_freqresponse/filters_freqresponse.pdf  used on input line 468.
(pdftex.def)             Requested size: 252.0pt x 130.06308pt.
<graphics/filters_sigresponse/filters_sigresponse.pdf, id=700, 745.82639pt x 430.7292pt>
File: graphics/filters_sigresponse/filters_sigresponse.pdf Graphic file (type pdf)
<use graphics/filters_sigresponse/filters_sigresponse.pdf>
Package pdftex.def Info: graphics/filters_sigresponse/filters_sigresponse.pdf  used on input line 474.
(pdftex.def)             Requested size: 252.0pt x 145.53242pt.
<graphics/pca_result/pca_result.pdf, id=701, 530.46178pt x 328.8285pt>
File: graphics/pca_result/pca_result.pdf Graphic file (type pdf)
<use graphics/pca_result/pca_result.pdf>
Package pdftex.def Info: graphics/pca_result/pca_result.pdf  used on input line 500.
(pdftex.def)             Requested size: 252.0pt x 156.2102pt.
 [7 </home/victor/Documents/ConferencePaper/Conference-LaTeX-template_10-17-19/graphics/filters_freqresponse/filters_freqresponse.pdf> </home/victor/Documents/ConferencePaper/Conference-LaTeX-template_10-17-19/graphics/filters_sigresponse/filters_sigresponse.pdf

pdfTeX warning: pdflatex (file /home/victor/Documents/ConferencePaper/Conference-LaTeX-template_10-17-19/graphics/filters_sigresponse/filters_sigresponse.pdf): PDF inclusion: multiple pdfs with page group included in a single page
> </home/victor/Documents/ConferencePaper/Conference-LaTeX-template_10-17-19/graphics/pca_result/pca_result.pdf

pdfTeX warning: pdflatex (file /home/victor/Documents/ConferencePaper/Conference-LaTeX-template_10-17-19/graphics/pca_result/pca_result.pdf): PDF inclusion: multiple pdfs with page group included in a single page
>]
<graphics/quantile_transform_data/quantile_transform_data.pdf, id=1525, 1192.455pt x 473.3685pt>
File: graphics/quantile_transform_data/quantile_transform_data.pdf Graphic file (type pdf)
<use graphics/quantile_transform_data/quantile_transform_data.pdf>
Package pdftex.def Info: graphics/quantile_transform_data/quantile_transform_data.pdf  used on input line 527.
(pdftex.def)             Requested size: 252.0pt x 100.0315pt.
<graphics/mvgd_plots/plot1_fmotor_rmstotal.pdf, id=1526, 1156.32pt x 648.9846pt>
File: graphics/mvgd_plots/plot1_fmotor_rmstotal.pdf Graphic file (type pdf)
<use graphics/mvgd_plots/plot1_fmotor_rmstotal.pdf>
Package pdftex.def Info: graphics/mvgd_plots/plot1_fmotor_rmstotal.pdf  used on input line 553.
(pdftex.def)             Requested size: 252.0pt x 141.43028pt.
<graphics/control_charts/control_chart_v02.pdf, id=1527, 728.48161pt x 286.1892pt>
File: graphics/control_charts/control_chart_v02.pdf Graphic file (type pdf)
<use graphics/control_charts/control_chart_v02.pdf>
Package pdftex.def Info: graphics/control_charts/control_chart_v02.pdf  used on input line 569.
(pdftex.def)             Requested size: 252.0pt x 98.99738pt.
 [8 </home/victor/Documents/ConferencePaper/Conference-LaTeX-template_10-17-19/graphics/quantile_transform_data/quantile_transform_data.pdf> </home/victor/Documents/ConferencePaper/Conference-LaTeX-template_10-17-19/graphics/mvgd_plots/plot1_fmotor_rmstotal.pdf

pdfTeX warning: pdflatex (file /home/victor/Documents/ConferencePaper/Conference-LaTeX-template_10-17-19/graphics/mvgd_plots/plot1_fmotor_rmstotal.pdf): PDF inclusion: multiple pdfs with page group included in a single page
> </home/victor/Documents/ConferencePaper/Conference-LaTeX-template_10-17-19/graphics/control_charts/control_chart_v02.pdf

pdfTeX warning: pdflatex (file /home/victor/Documents/ConferencePaper/Conference-LaTeX-template_10-17-19/graphics/control_charts/control_chart_v02.pdf): PDF inclusion: multiple pdfs with page group included in a single page
>]

** Conference Paper **
Before submitting the final camera ready copy, remember to:

 1. Manually equalize the lengths of two columns on the last page
 of your paper;

 2. Ensure that any PostScript and/or PDF output post-processing
 uses only Type 1 fonts and that every step in the generation
 process uses the appropriate paper size.

[9] (/home/victor/Documents/ConferencePaper/Conference-LaTeX-template_10-17-19/conference_101719.aux)

LaTeX Warning: There were undefined references.


LaTeX Warning: There were multiply-defined labels.

 ) 
Here is how much of TeX's memory you used:
 3998 strings out of 481239
 60798 string characters out of 5920377
 304710 words of memory out of 5000000
 19209 multiletter control sequences out of 15000+600000
 572031 words of font info for 107 fonts, out of 8000000 for 9000
 1141 hyphenation exceptions out of 8191
 30i,11n,37p,1421b,304s stack positions out of 5000i,500n,10000p,200000b,80000s
{/usr/share/texlive/texmf-dist/fonts/enc/dvips/base/8r.enc}</usr/share/texlive/texmf-dist/fonts/type1/public/amsfonts/cm/cmex10.pfb></usr/share/texlive/texmf-dist/fonts/type1/public/amsfonts/cm/cmmi10.pfb></usr/share/texlive/texmf-dist/fonts/type1/public/amsfonts/cm/cmmi6.pfb></usr/share/texlive/texmf-dist/fonts/type1/public/amsfonts/cm/cmmi7.pfb></usr/share/texlive/texmf-dist/fonts/type1/public/amsfonts/cm/cmmi8.pfb></usr/share/texlive/texmf-dist/fonts/type1/public/amsfonts/cm/cmr10.pfb></usr/share/texlive/texmf-dist/fonts/type1/public/amsfonts/cm/cmr7.pfb></usr/share/texlive/texmf-dist/fonts/type1/public/amsfonts/cm/cmsy10.pfb></usr/share/texlive/texmf-dist/fonts/type1/public/amsfonts/cm/cmsy7.pfb></usr/share/texmf/fonts/type1/public/lm/lmri10.pfb></usr/share/texlive/texmf-dist/fonts/type1/urw/times/utmb8a.pfb></usr/share/texlive/texmf-dist/fonts/type1/urw/times/utmbi8a.pfb></usr/share/texlive/texmf-dist/fonts/type1/urw/times/utmr8a.pfb></usr/share/texlive/texmf-dist/fonts/type1/urw/times/utmri8a.pfb>
Output written on /home/victor/Documents/ConferencePaper/Conference-LaTeX-template_10-17-19/conference_101719.pdf (9 pages, 1425683 bytes).
PDF statistics:
 1749 PDF objects out of 2073 (max. 8388607)
 1007 compressed objects within 11 object streams
 0 named destinations out of 1000 (max. 500000)
 71 words of extra memory for PDF output out of 10000 (max. 10000000)

